{"level":"error","message":"127.0.0.1 - there's no place like home"}
{"level":"error","message":"GET en /favicon.ico - function toLocaleTimeString() { [native code] }"}
{"level":"error","message":"127.0.0.1 - there's no place like home"}
{"level":"error","message":"GET en /favicon.ico - function toLocaleTimeString() { [native code] }"}
{"level":"error","message":"GET en /public/css/styles.css - function toLocaleTimeString() { [native code] }"}
{"level":"error","message":"127.0.0.1 - there's no place like home"}
{"level":"error","message":"127.0.0.1 - there's no place like home"}
{"level":"error","message":"127.0.0.1 - there's no place like home"}
{"level":"error","message":"127.0.0.1 - there's no place like home"}
{"level":"error","message":"127.0.0.1 - there's no place like home"}
{"level":"error","message":"127.0.0.1 - there's no place like home"}
{"level":"error","message":"GET en /favicon.ico - function toLocaleTimeString() { [native code] }"}
{"level":"error","message":"127.0.0.1 - there's no place like home"}
{"level":"error","message":"GET en /socket.io/?EIO=4&transport=polling&t=OStgu-i - function toLocaleTimeString() { [native code] }"}
{"level":"error","message":"GET en /register.js - function toLocaleTimeString() { [native code] }"}
{"level":"error","message":"GET en /socket.io/?EIO=4&transport=polling&t=OStgwKp - function toLocaleTimeString() { [native code] }"}
{"level":"error","message":"GET en /socket.io/?EIO=4&transport=polling&t=OStgxod - function toLocaleTimeString() { [native code] }"}
{"level":"error","message":"GET en /socket.io/?EIO=4&transport=polling&t=OStgzGR - function toLocaleTimeString() { [native code] }"}
{"level":"error","message":"GET en /socket.io/?EIO=4&transport=polling&t=OStg-kB - function toLocaleTimeString() { [native code] }"}
{"level":"error","message":"GET en /socket.io/?EIO=4&transport=polling&t=OSth0Bm - function toLocaleTimeString() { [native code] }"}
{"level":"error","message":"GET en /socket.io/?EIO=4&transport=polling&t=OSth1fi - function toLocaleTimeString() { [native code] }"}
{"level":"error","message":"GET en /socket.io/?EIO=4&transport=polling&t=OSth37P - function toLocaleTimeString() { [native code] }"}
{"level":"error","message":"GET en /socket.io/?EIO=4&transport=polling&t=OSth4b5 - function toLocaleTimeString() { [native code] }"}
{"level":"error","message":"GET en /socket.io/?EIO=4&transport=polling&t=OSth62n - function toLocaleTimeString() { [native code] }"}
{"level":"error","message":"GET en /socket.io/?EIO=4&transport=polling&t=OSth7WY - function toLocaleTimeString() { [native code] }"}
{"level":"error","message":"GET en /socket.io/?EIO=4&transport=polling&t=OSth8-R - function toLocaleTimeString() { [native code] }"}
{"level":"error","message":"GET en /socket.io/?EIO=4&transport=polling&t=OSthAR- - function toLocaleTimeString() { [native code] }"}
{"level":"error","message":"GET en /socket.io/?EIO=4&transport=polling&t=OSthBvx - function toLocaleTimeString() { [native code] }"}
{"level":"error","message":"GET en /socket.io/?EIO=4&transport=polling&t=OSthDNV - function toLocaleTimeString() { [native code] }"}
{"level":"error","message":"GET en /socket.io/?EIO=4&transport=polling&t=OSthErK - function toLocaleTimeString() { [native code] }"}
{"level":"error","message":"GET en /socket.io/?EIO=4&transport=polling&t=OSthGJ1 - function toLocaleTimeString() { [native code] }"}
{"level":"error","message":"GET en /socket.io/?EIO=4&transport=polling&t=OSthHmv - function toLocaleTimeString() { [native code] }"}
{"level":"error","message":"GET en /socket.io/?EIO=4&transport=polling&t=OSthJEg - function toLocaleTimeString() { [native code] }"}
{"level":"error","message":"GET en /socket.io/?EIO=4&transport=polling&t=OSthKiK - function toLocaleTimeString() { [native code] }"}
{"level":"error","message":"GET en /socket.io/?EIO=4&transport=polling&t=OSthMA9 - function toLocaleTimeString() { [native code] }"}
{"level":"error","message":"GET en /socket.io/?EIO=4&transport=polling&t=OSthNdt - function toLocaleTimeString() { [native code] }"}
{"level":"error","message":"GET en /socket.io/?EIO=4&transport=polling&t=OSthP5d - function toLocaleTimeString() { [native code] }"}
{"level":"error","message":"GET en /socket.io/?EIO=4&transport=polling&t=OSthQZJ - function toLocaleTimeString() { [native code] }"}
{"level":"error","message":"GET en /socket.io/?EIO=4&transport=polling&t=OSthS16 - function toLocaleTimeString() { [native code] }"}
{"level":"error","message":"GET en /socket.io/?EIO=4&transport=polling&t=OSthTUn - function toLocaleTimeString() { [native code] }"}
{"level":"error","message":"GET en /socket.io/?EIO=4&transport=polling&t=OSthUyZ - function toLocaleTimeString() { [native code] }"}
{"level":"error","message":"GET en /socket.io/?EIO=4&transport=polling&t=OSthWQF - function toLocaleTimeString() { [native code] }"}
{"level":"error","message":"GET en /socket.io/?EIO=4&transport=polling&t=OSthXu2 - function toLocaleTimeString() { [native code] }"}
{"level":"error","message":"GET en /socket.io/?EIO=4&transport=polling&t=OSthZLt - function toLocaleTimeString() { [native code] }"}
{"level":"error","message":"GET en /socket.io/?EIO=4&transport=polling&t=OSthapi - function toLocaleTimeString() { [native code] }"}
{"level":"error","message":"GET en /socket.io/?EIO=4&transport=polling&t=OSthcHI - function toLocaleTimeString() { [native code] }"}
{"level":"error","message":"GET en /socket.io/?EIO=4&transport=polling&t=OSthdl0 - function toLocaleTimeString() { [native code] }"}
{"level":"error","message":"GET en /socket.io/?EIO=4&transport=polling&t=OSthfCu - function toLocaleTimeString() { [native code] }"}
{"level":"error","message":"GET en /socket.io/?EIO=4&transport=polling&t=OSthggW - function toLocaleTimeString() { [native code] }"}
{"level":"error","message":"GET en /socket.io/?EIO=4&transport=polling&t=OSthi8Q - function toLocaleTimeString() { [native code] }"}
{"level":"error","message":"GET en /socket.io/?EIO=4&transport=polling&t=OSthjc6 - function toLocaleTimeString() { [native code] }"}
{"level":"error","message":"GET en /socket.io/?EIO=4&transport=polling&t=OSthl3j - function toLocaleTimeString() { [native code] }"}
{"level":"error","message":"GET en /socket.io/?EIO=4&transport=polling&t=OSthmXf - function toLocaleTimeString() { [native code] }"}
{"level":"error","message":"GET en /socket.io/?EIO=4&transport=polling&t=OSthn_O - function toLocaleTimeString() { [native code] }"}
{"level":"error","message":"GET en /socket.io/?EIO=4&transport=polling&t=OSthpTC - function toLocaleTimeString() { [native code] }"}
{"level":"error","message":"GET en /socket.io/?EIO=4&transport=polling&t=OSthqwn - function toLocaleTimeString() { [native code] }"}
{"level":"error","message":"GET en /socket.io/?EIO=4&transport=polling&t=OSthsOa - function toLocaleTimeString() { [native code] }"}
{"level":"error","message":"GET en /socket.io/?EIO=4&transport=polling&t=OSthtsO - function toLocaleTimeString() { [native code] }"}
{"level":"error","message":"GET en /socket.io/?EIO=4&transport=polling&t=OSthvJ- - function toLocaleTimeString() { [native code] }"}
{"level":"error","message":"GET en /socket.io/?EIO=4&transport=polling&t=OSthwnx - function toLocaleTimeString() { [native code] }"}
{"level":"error","message":"GET en /socket.io/?EIO=4&transport=polling&t=OSthyFU - function toLocaleTimeString() { [native code] }"}
{"level":"error","message":"GET en /socket.io/?EIO=4&transport=polling&t=OSthzjT - function toLocaleTimeString() { [native code] }"}
{"level":"error","message":"GET en /socket.io/?EIO=4&transport=polling&t=OSth_B8 - function toLocaleTimeString() { [native code] }"}
{"level":"error","message":"GET en /socket.io/?EIO=4&transport=polling&t=OSti0ey - function toLocaleTimeString() { [native code] }"}
{"level":"error","message":"GET en /socket.io/?EIO=4&transport=polling&t=OSti26Y - function toLocaleTimeString() { [native code] }"}
{"level":"error","message":"GET en /socket.io/?EIO=4&transport=polling&t=OSti3aO - function toLocaleTimeString() { [native code] }"}
{"level":"error","message":"GET en /socket.io/?EIO=4&transport=polling&t=OSti51z - function toLocaleTimeString() { [native code] }"}
{"level":"error","message":"GET en /socket.io/?EIO=4&transport=polling&t=OSti6Vy - function toLocaleTimeString() { [native code] }"}
{"level":"error","message":"GET en /socket.io/?EIO=4&transport=polling&t=OSti7zh - function toLocaleTimeString() { [native code] }"}
{"level":"error","message":"GET en /socket.io/?EIO=4&transport=polling&t=OSti9RI - function toLocaleTimeString() { [native code] }"}
{"level":"error","message":"GET en /socket.io/?EIO=4&transport=polling&t=OStiAv8 - function toLocaleTimeString() { [native code] }"}
{"level":"error","message":"GET en /socket.io/?EIO=4&transport=polling&t=OStiCMp - function toLocaleTimeString() { [native code] }"}
{"level":"error","message":"GET en /socket.io/?EIO=4&transport=polling&t=OStiDqe - function toLocaleTimeString() { [native code] }"}
{"level":"error","message":"GET en /socket.io/?EIO=4&transport=polling&t=OStiFIP - function toLocaleTimeString() { [native code] }"}
{"level":"error","message":"GET en /socket.io/?EIO=4&transport=polling&t=OStiGm7 - function toLocaleTimeString() { [native code] }"}
{"level":"error","message":"GET en /socket.io/?EIO=4&transport=polling&t=OStiIDn - function toLocaleTimeString() { [native code] }"}
{"level":"error","message":"GET en /socket.io/?EIO=4&transport=polling&t=OStiJhT - function toLocaleTimeString() { [native code] }"}
{"level":"error","message":"GET en /socket.io/?EIO=4&transport=polling&t=OStiL9N - function toLocaleTimeString() { [native code] }"}
{"level":"error","message":"GET en /socket.io/?EIO=4&transport=polling&t=OStiMd5 - function toLocaleTimeString() { [native code] }"}
{"level":"error","message":"GET en /socket.io/?EIO=4&transport=polling&t=OStiO4m - function toLocaleTimeString() { [native code] }"}
{"level":"error","message":"GET en /socket.io/?EIO=4&transport=polling&t=OStiPYh - function toLocaleTimeString() { [native code] }"}
{"level":"error","message":"GET en /socket.io/?EIO=4&transport=polling&t=OStiR0O - function toLocaleTimeString() { [native code] }"}
{"level":"error","message":"GET en /socket.io/?EIO=4&transport=polling&t=OStiSU1 - function toLocaleTimeString() { [native code] }"}
{"level":"error","message":"GET en /socket.io/?EIO=4&transport=polling&t=OStiTxy - function toLocaleTimeString() { [native code] }"}
{"level":"error","message":"GET en /socket.io/?EIO=4&transport=polling&t=OStiVPb - function toLocaleTimeString() { [native code] }"}
{"level":"error","message":"GET en /socket.io/?EIO=4&transport=polling&t=OStiWtK - function toLocaleTimeString() { [native code] }"}
{"level":"error","message":"GET en /socket.io/?EIO=4&transport=polling&t=OStiYL4 - function toLocaleTimeString() { [native code] }"}
{"level":"error","message":"GET en /socket.io/?EIO=4&transport=polling&t=OStiZos - function toLocaleTimeString() { [native code] }"}
{"level":"error","message":"GET en /socket.io/?EIO=4&transport=polling&t=OStibGa - function toLocaleTimeString() { [native code] }"}
{"level":"error","message":"GET en /socket.io/?EIO=4&transport=polling&t=OStickR - function toLocaleTimeString() { [native code] }"}
{"level":"error","message":"GET en /socket.io/?EIO=4&transport=polling&t=OStieC5 - function toLocaleTimeString() { [native code] }"}
{"level":"error","message":"GET en /socket.io/?EIO=4&transport=polling&t=OStiffx - function toLocaleTimeString() { [native code] }"}
{"level":"error","message":"GET en /socket.io/?EIO=4&transport=polling&t=OStih7W - function toLocaleTimeString() { [native code] }"}
{"level":"error","message":"GET en /socket.io/?EIO=4&transport=polling&t=OStiibK - function toLocaleTimeString() { [native code] }"}
{"level":"error","message":"GET en /socket.io/?EIO=4&transport=polling&t=OStik2- - function toLocaleTimeString() { [native code] }"}
{"level":"error","message":"GET en /socket.io/?EIO=4&transport=polling&t=OStilWo - function toLocaleTimeString() { [native code] }"}
{"level":"error","message":"GET en /socket.io/?EIO=4&transport=polling&t=OStim-i - function toLocaleTimeString() { [native code] }"}
{"level":"error","message":"GET en /socket.io/?EIO=4&transport=polling&t=OStioSF - function toLocaleTimeString() { [native code] }"}
{"level":"error","message":"GET en /socket.io/?EIO=4&transport=polling&t=OStipw4 - function toLocaleTimeString() { [native code] }"}
{"level":"error","message":"GET en /socket.io/?EIO=4&transport=polling&t=OStirNj - function toLocaleTimeString() { [native code] }"}
{"level":"error","message":"GET en /socket.io/?EIO=4&transport=polling&t=OStisra - function toLocaleTimeString() { [native code] }"}
{"level":"error","message":"GET en /socket.io/?EIO=4&transport=polling&t=OStiuJF - function toLocaleTimeString() { [native code] }"}
{"level":"error","message":"GET en /socket.io/?EIO=4&transport=polling&t=OStivnC - function toLocaleTimeString() { [native code] }"}
{"level":"error","message":"GET en /socket.io/?EIO=4&transport=polling&t=OStixEk - function toLocaleTimeString() { [native code] }"}
{"level":"error","message":"GET en /socket.io/?EIO=4&transport=polling&t=OStiyie - function toLocaleTimeString() { [native code] }"}
{"level":"error","message":"GET en /socket.io/?EIO=4&transport=polling&t=OSti-AI - function toLocaleTimeString() { [native code] }"}
{"level":"error","message":"127.0.0.1 - there's no place like home"}
{"level":"error","message":"GET en /socket.io/?EIO=4&transport=polling&t=OStm9IO - function toLocaleTimeString() { [native code] }"}
{"level":"error","message":"GET en /socket.io/?EIO=4&transport=polling&t=OStmAWY - function toLocaleTimeString() { [native code] }"}
{"level":"error","message":"GET en /socket.io/?EIO=4&transport=polling&t=OStmB-A - function toLocaleTimeString() { [native code] }"}
{"level":"error","message":"GET en /socket.io/?EIO=4&transport=polling&t=OStmDS2 - function toLocaleTimeString() { [native code] }"}
{"level":"error","message":"GET en /socket.io/?EIO=4&transport=polling&t=OStmEvd - function toLocaleTimeString() { [native code] }"}
{"level":"error","message":"GET en /socket.io/?EIO=4&transport=polling&t=OStmGNU - function toLocaleTimeString() { [native code] }"}
{"level":"error","message":"GET en /socket.io/?EIO=4&transport=polling&t=OStmHr7 - function toLocaleTimeString() { [native code] }"}
{"level":"error","message":"GET en /socket.io/?EIO=4&transport=polling&t=OStmJI- - function toLocaleTimeString() { [native code] }"}
{"level":"error","message":"GET en /socket.io/?EIO=4&transport=polling&t=OStmKmi - function toLocaleTimeString() { [native code] }"}
{"level":"error","message":"GET en /socket.io/?EIO=4&transport=polling&t=OStmMEQ - function toLocaleTimeString() { [native code] }"}
{"level":"error","message":"GET en /socket.io/?EIO=4&transport=polling&t=OStmNiI - function toLocaleTimeString() { [native code] }"}
{"level":"error","message":"GET en /socket.io/?EIO=4&transport=polling&t=OStmP9u - function toLocaleTimeString() { [native code] }"}
{"level":"error","message":"GET en /socket.io/?EIO=4&transport=polling&t=OStmQdi - function toLocaleTimeString() { [native code] }"}
{"level":"error","message":"GET en /socket.io/?EIO=4&transport=polling&t=OStmS5U - function toLocaleTimeString() { [native code] }"}
{"level":"error","message":"GET en /socket.io/?EIO=4&transport=polling&t=OStmTZF - function toLocaleTimeString() { [native code] }"}
{"level":"error","message":"GET en /socket.io/?EIO=4&transport=polling&t=OStmV0- - function toLocaleTimeString() { [native code] }"}
{"level":"error","message":"127.0.0.1 - there's no place like home"}
{"level":"error","message":"GET en /socket.io/?EIO=4&transport=polling&t=OStmWUh - function toLocaleTimeString() { [native code] }"}
{"level":"error","message":"GET en /socket.io/?EIO=4&transport=polling&t=OStmYRp - function toLocaleTimeString() { [native code] }"}
{"level":"error","message":"127.0.0.1 - there's no place like home"}
{"level":"error","message":"GET en /public/css/styles.css - function toLocaleTimeString() { [native code] }"}
{"level":"error","message":"127.0.0.1 - there's no place like home"}
{"level":"error","message":"GET en /favicon.ico - function toLocaleTimeString() { [native code] }"}
{"level":"error","message":"127.0.0.1 - there's no place like home"}